<?xml version="1.0" encoding="UTF-8"?>
<testsuite name="CreateTableTest" tests="1" skipped="0" failures="0" errors="0" timestamp="2021-12-08T07:32:34" hostname="LAPTOP-QMN0TTSR" time="0.229">
  <properties/>
  <testcase name="createConectionTest()" classname="CreateTableTest" time="0.229"/>
  <system-out><![CDATA[]]></system-out>
  <system-err><![CDATA[]]></system-err>
</testsuite>
